<?xml version="1.0" encoding="UTF-8"?>
<!-- Generated by org.testng.reporters.JUnitReportReporter -->
<testsuite hostname="QSP" failures="0" tests="1" name="scripts.Testcase2" time="55.127" errors="0" timestamp="2021-12-30T12:49:00 IST" skipped="0">
  <testcase classname="scripts.Testcase2" name="tc2" time="55.127"/>
</testsuite> <!-- scripts.Testcase2 -->
