<?xml version="1.0" encoding="UTF-8"?>
<!-- Generated by org.testng.reporters.JUnitReportReporter -->
<testsuite hostname="QSP" failures="0" tests="1" name="scripts.Testacse1" time="59.352" errors="0" timestamp="2021-12-30T12:16:20 IST" skipped="0">
  <testcase classname="scripts.Testacse1" name="tc1" time="59.352"/>
</testsuite> <!-- scripts.Testacse1 -->
