<?xml version="1.0" encoding="UTF-8"?>
<!-- Generated by org.testng.reporters.JUnitReportReporter -->
<testsuite hostname="QSP" failures="0" tests="1" name="scripts.Testcase3" time="48.082" errors="0" timestamp="2022-01-05T16:41:57 IST" skipped="0">
  <testcase classname="scripts.Testcase3" name="tc3" time="48.082"/>
</testsuite> <!-- scripts.Testcase3 -->
