<?xml version="1.0" encoding="UTF-8"?>
<!-- Generated by org.testng.reporters.JUnitReportReporter -->
<testsuite hostname="QSP" failures="0" tests="1" name="scripts.Testacse1" time="85.987" errors="0" timestamp="2022-01-05T16:41:57 IST" skipped="0">
  <testcase classname="scripts.Testacse1" name="tc1" time="85.987"/>
</testsuite> <!-- scripts.Testacse1 -->
